[INFO] Scanning for projects...
[INFO] 
[INFO] ---------------------< edu.escuelaing.arsw:medigo >---------------------
[INFO] Building  0.0.1-SNAPSHOT
[INFO]   from pom.xml
[INFO] --------------------------------[ jar ]---------------------------------
[INFO] 
[INFO] >>> spring-boot:3.1.5:run (default-cli) > test-compile @ medigo >>>
[INFO] 
[INFO] --- resources:3.3.1:resources (default-resources) @ medigo ---
[INFO] Copying 2 resources from src/main/resources to target/classes
[INFO] Copying 0 resource from src/main/resources to target/classes
[INFO] 
[INFO] --- compiler:3.11.0:compile (default-compile) @ medigo ---
[INFO] Nothing to compile - all classes are up to date
[INFO] 
[INFO] --- resources:3.3.1:testResources (default-testResources) @ medigo ---
[INFO] Copying 2 resources from src/test/resources to target/test-classes
[INFO] 
[INFO] --- compiler:3.11.0:testCompile (default-testCompile) @ medigo ---
[INFO] Nothing to compile - all classes are up to date
[INFO] 
[INFO] <<< spring-boot:3.1.5:run (default-cli) < test-compile @ medigo <<<
[INFO] 
[INFO] 
[INFO] --- spring-boot:3.1.5:run (default-cli) @ medigo ---
[INFO] Attaching agents: []

  .   ____          _            __ _ _
 /\\ / ___'_ __ _ _(_)_ __  __ _ \ \ \ \
( ( )\___ | '_ | '_| | '_ \/ _` | \ \ \ \
 \\/  ___)| |_)| | | | | || (_| |  ) ) ) )
  '  |____| .__|_| |_|_| |_\__, | / / / /
 =========|_|==============|___/=/_/_/_/
 :: Spring Boot ::                (v3.1.5)

2026-04-07T17:38:05.804-05:00  INFO 30377 --- [           main] e.e.arsw.medigo.MediGoApplication        : Starting MediGoApplication using Java 21.0.2 with PID 30377 (/home/mael/Universidad/ARSW/Medi-Go/Back-MediGo/target/classes started by mael in /home/mael/Universidad/ARSW/Medi-Go/Back-MediGo)
2026-04-07T17:38:05.806-05:00  INFO 30377 --- [           main] e.e.arsw.medigo.MediGoApplication        : No active profile set, falling back to 1 default profile: "default"
2026-04-07T17:38:06.415-05:00  INFO 30377 --- [           main] .s.d.r.c.RepositoryConfigurationDelegate : Multiple Spring Data modules found, entering strict repository configuration mode
2026-04-07T17:38:06.416-05:00  INFO 30377 --- [           main] .s.d.r.c.RepositoryConfigurationDelegate : Bootstrapping Spring Data JPA repositories in DEFAULT mode.
2026-04-07T17:38:06.519-05:00  INFO 30377 --- [           main] .s.d.r.c.RepositoryConfigurationDelegate : Finished Spring Data repository scanning in 98 ms. Found 7 JPA repository interfaces.
2026-04-07T17:38:06.527-05:00  INFO 30377 --- [           main] .s.d.r.c.RepositoryConfigurationDelegate : Multiple Spring Data modules found, entering strict repository configuration mode
2026-04-07T17:38:06.528-05:00  INFO 30377 --- [           main] .s.d.r.c.RepositoryConfigurationDelegate : Bootstrapping Spring Data Redis repositories in DEFAULT mode.
2026-04-07T17:38:06.539-05:00  INFO 30377 --- [           main] .RepositoryConfigurationExtensionSupport : Spring Data Redis - Could not safely identify store assignment for repository candidate interface edu.escuelaing.arsw.medigo.auction.infrastructure.persistence.SpringAuctionJpaRepository; If you want this repository to be a Redis repository, consider annotating your entities with one of these annotations: org.springframework.data.redis.core.RedisHash (preferred), or consider extending one of the following types with your repository: org.springframework.data.keyvalue.repository.KeyValueRepository
2026-04-07T17:38:06.539-05:00  INFO 30377 --- [           main] .RepositoryConfigurationExtensionSupport : Spring Data Redis - Could not safely identify store assignment for repository candidate interface edu.escuelaing.arsw.medigo.auction.infrastructure.persistence.SpringBidJpaRepository; If you want this repository to be a Redis repository, consider annotating your entities with one of these annotations: org.springframework.data.redis.core.RedisHash (preferred), or consider extending one of the following types with your repository: org.springframework.data.keyvalue.repository.KeyValueRepository
2026-04-07T17:38:06.539-05:00  INFO 30377 --- [           main] .RepositoryConfigurationExtensionSupport : Spring Data Redis - Could not safely identify store assignment for repository candidate interface edu.escuelaing.arsw.medigo.catalog.infrastructure.repository.BranchSpringDataRepository; If you want this repository to be a Redis repository, consider annotating your entities with one of these annotations: org.springframework.data.redis.core.RedisHash (preferred), or consider extending one of the following types with your repository: org.springframework.data.keyvalue.repository.KeyValueRepository
2026-04-07T17:38:06.540-05:00  INFO 30377 --- [           main] .RepositoryConfigurationExtensionSupport : Spring Data Redis - Could not safely identify store assignment for repository candidate interface edu.escuelaing.arsw.medigo.catalog.infrastructure.repository.BranchStockSpringDataRepository; If you want this repository to be a Redis repository, consider annotating your entities with one of these annotations: org.springframework.data.redis.core.RedisHash (preferred), or consider extending one of the following types with your repository: org.springframework.data.keyvalue.repository.KeyValueRepository
2026-04-07T17:38:06.540-05:00  INFO 30377 --- [           main] .RepositoryConfigurationExtensionSupport : Spring Data Redis - Could not safely identify store assignment for repository candidate interface edu.escuelaing.arsw.medigo.catalog.infrastructure.repository.MedicationSpringDataRepository; If you want this repository to be a Redis repository, consider annotating your entities with one of these annotations: org.springframework.data.redis.core.RedisHash (preferred), or consider extending one of the following types with your repository: org.springframework.data.keyvalue.repository.KeyValueRepository
2026-04-07T17:38:06.540-05:00  INFO 30377 --- [           main] .RepositoryConfigurationExtensionSupport : Spring Data Redis - Could not safely identify store assignment for repository candidate interface edu.escuelaing.arsw.medigo.orders.infrastructure.persistence.SpringOrderJpaRepository; If you want this repository to be a Redis repository, consider annotating your entities with one of these annotations: org.springframework.data.redis.core.RedisHash (preferred), or consider extending one of the following types with your repository: org.springframework.data.keyvalue.repository.KeyValueRepository
2026-04-07T17:38:06.540-05:00  INFO 30377 --- [           main] .RepositoryConfigurationExtensionSupport : Spring Data Redis - Could not safely identify store assignment for repository candidate interface edu.escuelaing.arsw.medigo.users.infrastructure.adapter.out.UserJpaRepository; If you want this repository to be a Redis repository, consider annotating your entities with one of these annotations: org.springframework.data.redis.core.RedisHash (preferred), or consider extending one of the following types with your repository: org.springframework.data.keyvalue.repository.KeyValueRepository
2026-04-07T17:38:06.540-05:00  INFO 30377 --- [           main] .s.d.r.c.RepositoryConfigurationDelegate : Finished Spring Data repository scanning in 8 ms. Found 0 Redis repository interfaces.
2026-04-07T17:38:06.890-05:00  INFO 30377 --- [           main] o.s.b.w.embedded.tomcat.TomcatWebServer  : Tomcat initialized with port(s): 8080 (http)
2026-04-07T17:38:06.895-05:00  INFO 30377 --- [           main] o.apache.catalina.core.StandardService   : Starting service [Tomcat]
2026-04-07T17:38:06.895-05:00  INFO 30377 --- [           main] o.apache.catalina.core.StandardEngine    : Starting Servlet engine: [Apache Tomcat/10.1.15]
2026-04-07T17:38:06.976-05:00  INFO 30377 --- [           main] o.a.c.c.C.[Tomcat].[localhost].[/]       : Initializing Spring embedded WebApplicationContext
2026-04-07T17:38:06.976-05:00  INFO 30377 --- [           main] w.s.c.ServletWebServerApplicationContext : Root WebApplicationContext: initialization completed in 1135 ms
2026-04-07T17:38:07.093-05:00  INFO 30377 --- [           main] o.hibernate.jpa.internal.util.LogHelper  : HHH000204: Processing PersistenceUnitInfo [name: default]
2026-04-07T17:38:07.114-05:00  INFO 30377 --- [           main] org.hibernate.Version                    : HHH000412: Hibernate ORM core version 6.2.13.Final
2026-04-07T17:38:07.115-05:00  INFO 30377 --- [           main] org.hibernate.cfg.Environment            : HHH000406: Using bytecode reflection optimizer
2026-04-07T17:38:07.205-05:00  INFO 30377 --- [           main] o.s.o.j.p.SpringPersistenceUnitInfo      : No LoadTimeWeaver setup: ignoring JPA class transformer
2026-04-07T17:38:07.214-05:00  INFO 30377 --- [           main] com.zaxxer.hikari.HikariDataSource       : HikariPool-1 - Starting...
2026-04-07T17:38:20.515-05:00  INFO 30377 --- [           main] com.zaxxer.hikari.pool.HikariPool        : HikariPool-1 - Added connection org.postgresql.jdbc.PgConnection@28e91f6d
2026-04-07T17:38:20.515-05:00  INFO 30377 --- [           main] com.zaxxer.hikari.HikariDataSource       : HikariPool-1 - Start completed.
2026-04-07T17:38:20.687-05:00  WARN 30377 --- [           main] org.hibernate.orm.deprecation            : HHH90000025: PostgreSQLDialect does not need to be specified explicitly using 'hibernate.dialect' (remove the property setting and it will be selected by default)
2026-04-07T17:38:21.497-05:00  INFO 30377 --- [           main] o.h.e.t.j.p.i.JtaPlatformInitiator       : HHH000489: No JTA platform available (set 'hibernate.transaction.jta.platform' to enable JTA platform integration)
2026-04-07T17:38:26.045-05:00  INFO 30377 --- [           main] j.LocalContainerEntityManagerFactoryBean : Initialized JPA EntityManagerFactory for persistence unit 'default'
2026-04-07T17:38:26.214-05:00  INFO 30377 --- [           main] o.s.d.j.r.query.QueryEnhancerFactory     : Hibernate is in classpath; If applicable, HQL parser will be used.
2026-04-07T17:38:27.071-05:00  WARN 30377 --- [           main] JpaBaseConfiguration$JpaWebConfiguration : spring.jpa.open-in-view is enabled by default. Therefore, database queries may be performed during view rendering. Explicitly configure spring.jpa.open-in-view to disable this warning
2026-04-07T17:38:27.514-05:00  INFO 30377 --- [           main] o.s.b.a.e.web.EndpointLinksResolver      : Exposing 1 endpoint(s) beneath base path '/actuator'
2026-04-07T17:38:27.536-05:00  INFO 30377 --- [           main] o.s.s.web.DefaultSecurityFilterChain     : Will secure any request with [org.springframework.security.web.session.DisableEncodeUrlFilter@450897d, org.springframework.security.web.context.request.async.WebAsyncManagerIntegrationFilter@425b142e, org.springframework.security.web.context.SecurityContextHolderFilter@2ce028fa, org.springframework.security.web.header.HeaderWriterFilter@5eead9c2, org.springframework.security.web.authentication.logout.LogoutFilter@47b8f783, edu.escuelaing.arsw.medigo.shared.infrastructure.security.JwtAuthenticationFilter@23497000, org.springframework.security.web.savedrequest.RequestCacheAwareFilter@7f7b865f, org.springframework.security.web.servletapi.SecurityContextHolderAwareRequestFilter@5de80d43, org.springframework.security.web.authentication.AnonymousAuthenticationFilter@42f7523d, org.springframework.security.web.session.SessionManagementFilter@2e5c842a, org.springframework.security.web.access.ExceptionTranslationFilter@790ed2d9, org.springframework.security.web.access.intercept.AuthorizationFilter@2e0d0819]
2026-04-07T17:38:27.790-05:00  INFO 30377 --- [           main] o.s.b.w.embedded.tomcat.TomcatWebServer  : Tomcat started on port(s): 8080 (http) with context path ''
2026-04-07T17:38:27.792-05:00  INFO 30377 --- [           main] o.s.m.s.b.SimpleBrokerMessageHandler     : Starting...
2026-04-07T17:38:27.793-05:00  INFO 30377 --- [           main] o.s.m.s.b.SimpleBrokerMessageHandler     : BrokerAvailabilityEvent[available=true, SimpleBrokerMessageHandler [org.springframework.messaging.simp.broker.DefaultSubscriptionRegistry@40d686d7]]
2026-04-07T17:38:27.794-05:00  INFO 30377 --- [           main] o.s.m.s.b.SimpleBrokerMessageHandler     : Started.
2026-04-07T17:38:27.803-05:00  INFO 30377 --- [           main] e.e.arsw.medigo.MediGoApplication        : Started MediGoApplication in 22.192 seconds (process running for 22.4)
Hibernate: select a1_0.id,a1_0.base_price,a1_0.branch_id,a1_0.closure_type,a1_0.end_time,a1_0.inactivity_minutes,a1_0.last_bid_at,a1_0.max_price,a1_0.medication_id,a1_0.start_time,a1_0.status,a1_0.winner_id from auctions a1_0 where a1_0.status='SCHEDULED' and a1_0.start_time<=?
Hibernate: select a1_0.id,a1_0.base_price,a1_0.branch_id,a1_0.closure_type,a1_0.end_time,a1_0.inactivity_minutes,a1_0.last_bid_at,a1_0.max_price,a1_0.medication_id,a1_0.start_time,a1_0.status,a1_0.winner_id from auctions a1_0 where a1_0.status='ACTIVE' and a1_0.end_time<=?
Hibernate: select a1_0.id,a1_0.base_price,a1_0.branch_id,a1_0.closure_type,a1_0.end_time,a1_0.inactivity_minutes,a1_0.last_bid_at,a1_0.max_price,a1_0.medication_id,a1_0.start_time,a1_0.status,a1_0.winner_id from auctions a1_0 where a1_0.status=?
Hibernate: select a1_0.id,a1_0.base_price,a1_0.branch_id,a1_0.closure_type,a1_0.end_time,a1_0.inactivity_minutes,a1_0.last_bid_at,a1_0.max_price,a1_0.medication_id,a1_0.start_time,a1_0.status,a1_0.winner_id from auctions a1_0 where a1_0.status='SCHEDULED' and a1_0.start_time<=?
Hibernate: select a1_0.id,a1_0.base_price,a1_0.branch_id,a1_0.closure_type,a1_0.end_time,a1_0.inactivity_minutes,a1_0.last_bid_at,a1_0.max_price,a1_0.medication_id,a1_0.start_time,a1_0.status,a1_0.winner_id from auctions a1_0 where a1_0.status='ACTIVE' and a1_0.end_time<=?
Hibernate: select a1_0.id,a1_0.base_price,a1_0.branch_id,a1_0.closure_type,a1_0.end_time,a1_0.inactivity_minutes,a1_0.last_bid_at,a1_0.max_price,a1_0.medication_id,a1_0.start_time,a1_0.status,a1_0.winner_id from auctions a1_0 where a1_0.status=?
2026-04-07T17:39:27.558-05:00  INFO 30377 --- [essageBroker-10] o.s.w.s.c.WebSocketMessageBrokerStats    : WebSocketSession[0 current WS(0)-HttpStream(0)-HttpPoll(0), 0 total, 0 closed abnormally (0 connect failure, 0 send limit, 0 transport error)], stompSubProtocol[processed CONNECT(0)-CONNECTED(0)-DISCONNECT(0)], stompBrokerRelay[null], inboundChannel[pool size = 0, active threads = 0, queued tasks = 0, completed tasks = 0], outboundChannel[pool size = 0, active threads = 0, queued tasks = 0, completed tasks = 0], sockJsScheduler[pool size = 12, active threads = 1, queued tasks = 3, completed tasks = 32]
Hibernate: select a1_0.id,a1_0.base_price,a1_0.branch_id,a1_0.closure_type,a1_0.end_time,a1_0.inactivity_minutes,a1_0.last_bid_at,a1_0.max_price,a1_0.medication_id,a1_0.start_time,a1_0.status,a1_0.winner_id from auctions a1_0 where a1_0.status='SCHEDULED' and a1_0.start_time<=?
Hibernate: select a1_0.id,a1_0.base_price,a1_0.branch_id,a1_0.closure_type,a1_0.end_time,a1_0.inactivity_minutes,a1_0.last_bid_at,a1_0.max_price,a1_0.medication_id,a1_0.start_time,a1_0.status,a1_0.winner_id from auctions a1_0 where a1_0.status='ACTIVE' and a1_0.end_time<=?
Hibernate: select a1_0.id,a1_0.base_price,a1_0.branch_id,a1_0.closure_type,a1_0.end_time,a1_0.inactivity_minutes,a1_0.last_bid_at,a1_0.max_price,a1_0.medication_id,a1_0.start_time,a1_0.status,a1_0.winner_id from auctions a1_0 where a1_0.status=?
Hibernate: select a1_0.id,a1_0.base_price,a1_0.branch_id,a1_0.closure_type,a1_0.end_time,a1_0.inactivity_minutes,a1_0.last_bid_at,a1_0.max_price,a1_0.medication_id,a1_0.start_time,a1_0.status,a1_0.winner_id from auctions a1_0 where a1_0.status='SCHEDULED' and a1_0.start_time<=?
Hibernate: select a1_0.id,a1_0.base_price,a1_0.branch_id,a1_0.closure_type,a1_0.end_time,a1_0.inactivity_minutes,a1_0.last_bid_at,a1_0.max_price,a1_0.medication_id,a1_0.start_time,a1_0.status,a1_0.winner_id from auctions a1_0 where a1_0.status='ACTIVE' and a1_0.end_time<=?
Hibernate: select a1_0.id,a1_0.base_price,a1_0.branch_id,a1_0.closure_type,a1_0.end_time,a1_0.inactivity_minutes,a1_0.last_bid_at,a1_0.max_price,a1_0.medication_id,a1_0.start_time,a1_0.status,a1_0.winner_id from auctions a1_0 where a1_0.status=?
Hibernate: select a1_0.id,a1_0.base_price,a1_0.branch_id,a1_0.closure_type,a1_0.end_time,a1_0.inactivity_minutes,a1_0.last_bid_at,a1_0.max_price,a1_0.medication_id,a1_0.start_time,a1_0.status,a1_0.winner_id from auctions a1_0 where a1_0.status='SCHEDULED' and a1_0.start_time<=?
Hibernate: select a1_0.id,a1_0.base_price,a1_0.branch_id,a1_0.closure_type,a1_0.end_time,a1_0.inactivity_minutes,a1_0.last_bid_at,a1_0.max_price,a1_0.medication_id,a1_0.start_time,a1_0.status,a1_0.winner_id from auctions a1_0 where a1_0.status='ACTIVE' and a1_0.end_time<=?
Hibernate: select a1_0.id,a1_0.base_price,a1_0.branch_id,a1_0.closure_type,a1_0.end_time,a1_0.inactivity_minutes,a1_0.last_bid_at,a1_0.max_price,a1_0.medication_id,a1_0.start_time,a1_0.status,a1_0.winner_id from auctions a1_0 where a1_0.status=?
Hibernate: select a1_0.id,a1_0.base_price,a1_0.branch_id,a1_0.closure_type,a1_0.end_time,a1_0.inactivity_minutes,a1_0.last_bid_at,a1_0.max_price,a1_0.medication_id,a1_0.start_time,a1_0.status,a1_0.winner_id from auctions a1_0 where a1_0.status='SCHEDULED' and a1_0.start_time<=?
Hibernate: select a1_0.id,a1_0.base_price,a1_0.branch_id,a1_0.closure_type,a1_0.end_time,a1_0.inactivity_minutes,a1_0.last_bid_at,a1_0.max_price,a1_0.medication_id,a1_0.start_time,a1_0.status,a1_0.winner_id from auctions a1_0 where a1_0.status='ACTIVE' and a1_0.end_time<=?
Hibernate: select a1_0.id,a1_0.base_price,a1_0.branch_id,a1_0.closure_type,a1_0.end_time,a1_0.inactivity_minutes,a1_0.last_bid_at,a1_0.max_price,a1_0.medication_id,a1_0.start_time,a1_0.status,a1_0.winner_id from auctions a1_0 where a1_0.status=?
2026-04-07T17:41:18.381-05:00  INFO 30377 --- [nio-8080-exec-1] o.a.c.c.C.[Tomcat].[localhost].[/]       : Initializing Spring DispatcherServlet 'dispatcherServlet'
2026-04-07T17:41:18.382-05:00  INFO 30377 --- [nio-8080-exec-1] o.s.web.servlet.DispatcherServlet        : Initializing Servlet 'dispatcherServlet'
2026-04-07T17:41:18.384-05:00  INFO 30377 --- [nio-8080-exec-1] o.s.web.servlet.DispatcherServlet        : Completed initialization in 2 ms
Hibernate: select a1_0.id,a1_0.base_price,a1_0.branch_id,a1_0.closure_type,a1_0.end_time,a1_0.inactivity_minutes,a1_0.last_bid_at,a1_0.max_price,a1_0.medication_id,a1_0.start_time,a1_0.status,a1_0.winner_id from auctions a1_0 where a1_0.status='SCHEDULED' and a1_0.start_time<=?
Hibernate: select a1_0.id,a1_0.base_price,a1_0.branch_id,a1_0.closure_type,a1_0.end_time,a1_0.inactivity_minutes,a1_0.last_bid_at,a1_0.max_price,a1_0.medication_id,a1_0.start_time,a1_0.status,a1_0.winner_id from auctions a1_0 where a1_0.status='ACTIVE' and a1_0.end_time<=?
Hibernate: select a1_0.id,a1_0.base_price,a1_0.branch_id,a1_0.closure_type,a1_0.end_time,a1_0.inactivity_minutes,a1_0.last_bid_at,a1_0.max_price,a1_0.medication_id,a1_0.start_time,a1_0.status,a1_0.winner_id from auctions a1_0 where a1_0.status=?
Hibernate: select a1_0.id,a1_0.base_price,a1_0.branch_id,a1_0.closure_type,a1_0.end_time,a1_0.inactivity_minutes,a1_0.last_bid_at,a1_0.max_price,a1_0.medication_id,a1_0.start_time,a1_0.status,a1_0.winner_id from auctions a1_0 where a1_0.status='SCHEDULED' and a1_0.start_time<=?
Hibernate: select a1_0.id,a1_0.base_price,a1_0.branch_id,a1_0.closure_type,a1_0.end_time,a1_0.inactivity_minutes,a1_0.last_bid_at,a1_0.max_price,a1_0.medication_id,a1_0.start_time,a1_0.status,a1_0.winner_id from auctions a1_0 where a1_0.status='ACTIVE' and a1_0.end_time<=?
Hibernate: select a1_0.id,a1_0.base_price,a1_0.branch_id,a1_0.closure_type,a1_0.end_time,a1_0.inactivity_minutes,a1_0.last_bid_at,a1_0.max_price,a1_0.medication_id,a1_0.start_time,a1_0.status,a1_0.winner_id from auctions a1_0 where a1_0.status=?
Hibernate: select a1_0.id,a1_0.base_price,a1_0.branch_id,a1_0.closure_type,a1_0.end_time,a1_0.inactivity_minutes,a1_0.last_bid_at,a1_0.max_price,a1_0.medication_id,a1_0.start_time,a1_0.status,a1_0.winner_id from auctions a1_0 where a1_0.status='SCHEDULED' and a1_0.start_time<=?
Hibernate: select a1_0.id,a1_0.base_price,a1_0.branch_id,a1_0.closure_type,a1_0.end_time,a1_0.inactivity_minutes,a1_0.last_bid_at,a1_0.max_price,a1_0.medication_id,a1_0.start_time,a1_0.status,a1_0.winner_id from auctions a1_0 where a1_0.status='ACTIVE' and a1_0.end_time<=?
Hibernate: select a1_0.id,a1_0.base_price,a1_0.branch_id,a1_0.closure_type,a1_0.end_time,a1_0.inactivity_minutes,a1_0.last_bid_at,a1_0.max_price,a1_0.medication_id,a1_0.start_time,a1_0.status,a1_0.winner_id from auctions a1_0 where a1_0.status=?
Hibernate: select a1_0.id,a1_0.base_price,a1_0.branch_id,a1_0.closure_type,a1_0.end_time,a1_0.inactivity_minutes,a1_0.last_bid_at,a1_0.max_price,a1_0.medication_id,a1_0.start_time,a1_0.status,a1_0.winner_id from auctions a1_0 where a1_0.status='SCHEDULED' and a1_0.start_time<=?
Hibernate: select a1_0.id,a1_0.base_price,a1_0.branch_id,a1_0.closure_type,a1_0.end_time,a1_0.inactivity_minutes,a1_0.last_bid_at,a1_0.max_price,a1_0.medication_id,a1_0.start_time,a1_0.status,a1_0.winner_id from auctions a1_0 where a1_0.status='ACTIVE' and a1_0.end_time<=?
Hibernate: select a1_0.id,a1_0.base_price,a1_0.branch_id,a1_0.closure_type,a1_0.end_time,a1_0.inactivity_minutes,a1_0.last_bid_at,a1_0.max_price,a1_0.medication_id,a1_0.start_time,a1_0.status,a1_0.winner_id from auctions a1_0 where a1_0.status=?
Hibernate: select a1_0.id,a1_0.base_price,a1_0.branch_id,a1_0.closure_type,a1_0.end_time,a1_0.inactivity_minutes,a1_0.last_bid_at,a1_0.max_price,a1_0.medication_id,a1_0.start_time,a1_0.status,a1_0.winner_id from auctions a1_0 where a1_0.status='SCHEDULED' and a1_0.start_time<=?
Hibernate: select a1_0.id,a1_0.base_price,a1_0.branch_id,a1_0.closure_type,a1_0.end_time,a1_0.inactivity_minutes,a1_0.last_bid_at,a1_0.max_price,a1_0.medication_id,a1_0.start_time,a1_0.status,a1_0.winner_id from auctions a1_0 where a1_0.status='ACTIVE' and a1_0.end_time<=?
Hibernate: select a1_0.id,a1_0.base_price,a1_0.branch_id,a1_0.closure_type,a1_0.end_time,a1_0.inactivity_minutes,a1_0.last_bid_at,a1_0.max_price,a1_0.medication_id,a1_0.start_time,a1_0.status,a1_0.winner_id from auctions a1_0 where a1_0.status=?
Hibernate: select a1_0.id,a1_0.base_price,a1_0.branch_id,a1_0.closure_type,a1_0.end_time,a1_0.inactivity_minutes,a1_0.last_bid_at,a1_0.max_price,a1_0.medication_id,a1_0.start_time,a1_0.status,a1_0.winner_id from auctions a1_0 where a1_0.status='SCHEDULED' and a1_0.start_time<=?
Hibernate: select a1_0.id,a1_0.base_price,a1_0.branch_id,a1_0.closure_type,a1_0.end_time,a1_0.inactivity_minutes,a1_0.last_bid_at,a1_0.max_price,a1_0.medication_id,a1_0.start_time,a1_0.status,a1_0.winner_id from auctions a1_0 where a1_0.status='ACTIVE' and a1_0.end_time<=?
Hibernate: select a1_0.id,a1_0.base_price,a1_0.branch_id,a1_0.closure_type,a1_0.end_time,a1_0.inactivity_minutes,a1_0.last_bid_at,a1_0.max_price,a1_0.medication_id,a1_0.start_time,a1_0.status,a1_0.winner_id from auctions a1_0 where a1_0.status=?
[INFO] ------------------------------------------------------------------------
[INFO] BUILD FAILURE
[INFO] ------------------------------------------------------------------------
[INFO] Total time:  06:20 min
[INFO] Finished at: 2026-04-07T17:44:24-05:00
[INFO] ------------------------------------------------------------------------
[ERROR] Failed to execute goal org.springframework.boot:spring-boot-maven-plugin:3.1.5:run (default-cli) on project medigo: Process terminated with exit code: 137 -> [Help 1]
[ERROR] 
[ERROR] To see the full stack trace of the errors, re-run Maven with the -e switch.
[ERROR] Re-run Maven using the -X switch to enable full debug logging.
[ERROR] 
[ERROR] For more information about the errors and possible solutions, please read the following articles:
[ERROR] [Help 1] http://cwiki.apache.org/confluence/display/MAVEN/MojoExecutionException
